2018-04-26 15:09:55.017  INFO 7836 --- [restartedMain] c.john.springdemo.SpringDemoApplication  : Starting SpringDemoApplication on jiangwei-PC with PID 7836 (started by jiangwei in E:\My Document\IdeaProjects\SpringBootDemo)
2018-04-26 15:09:55.018  INFO 7836 --- [restartedMain] c.john.springdemo.SpringDemoApplication  : The following profiles are active: dev
2018-04-26 15:09:55.150  INFO 7836 --- [restartedMain] ConfigServletWebServerApplicationContext : Refreshing org.springframework.boot.web.servlet.context.AnnotationConfigServletWebServerApplicationContext@238e9429: startup date [Thu Apr 26 15:09:55 CST 2018]; root of context hierarchy
2018-04-26 15:09:57.008  INFO 7836 --- [restartedMain] o.s.b.w.embedded.tomcat.TomcatWebServer  : Tomcat initialized with port(s): 9999 (http)
2018-04-26 15:09:57.041  INFO 7836 --- [restartedMain] o.apache.catalina.core.StandardService   : Starting service [Tomcat]
2018-04-26 15:09:57.041  INFO 7836 --- [restartedMain] org.apache.catalina.core.StandardEngine  : Starting Servlet Engine: Apache Tomcat/8.5.29
2018-04-26 15:09:57.051  INFO 7836 --- [localhost-startStop-1] o.a.catalina.core.AprLifecycleListener   : The APR based Apache Tomcat Native library which allows optimal performance in production environments was not found on the java.library.path: [D:\jdks\jdk1.8.0_121\bin;C:\Windows\Sun\Java\bin;C:\Windows\system32;C:\Windows;D:\jdks\apache-maven-3.5.3\bin;D:\jdks\jdk1.8.0_121\bin;D:\jdks\jdk1.8.0_121\jre\bin;d:\Oracle\product\11.2.0\client_1\bin;d:\Oracle\product\11.2.0\client_2\bin;d:\oracle\product\11.2.0\dbhome_1\bin;C:\Windows\system32;C:\Windows;C:\Windows\System32\Wbem;C:\Windows\System32\WindowsPowerShell\v1.0\;C:\Program Files (x86)\Windows Kits\8.1\Windows Performance Toolkit\;C:\Program Files\Microsoft SQL Server\110\Tools\Binn\;C:\Program Files (x86)\Microsoft SDKs\TypeScript\1.0\;C:\Program Files\Microsoft SQL Server\120\Tools\Binn\;D:\Program Files\TortoiseSVN\bin;D:\Program Files (x86)\VisualSVN\bin;D:\tools\python\Python36;D:\tools\python\Python36\Scripts\;C:\Program Files\dotnet\;D:\tools\python\swigwin-3.0.12;C:\Program Files (x86)\Microsoft SQL Server\80\Tools\Binn\;C:\Program Files\Microsoft SQL Server\90\DTS\Binn\;C:\Program Files\Microsoft SQL Server\90\Tools\binn\;C:\Program Files (x86)\Microsoft SQL Server\90\Tools\binn\;C:\Program Files (x86)\Microsoft SQL Server\90\DTS\Binn\;C:\Program Files (x86)\Microsoft SQL Server\90\Tools\Binn\VSShell\Common7\IDE\;D:\Program Files (x86)\Microsoft Visual Studio 8\Common7\IDE\PrivateAssemblies\;d:\Program Files (x86)\SSH Communications Security\SSH Secure Shell;C:\Users\jiangwei\AppData\Local\Programs\Fiddler;.]
2018-04-26 15:09:57.144  INFO 7836 --- [localhost-startStop-1] o.a.c.c.C.[Tomcat].[localhost].[/v1.1]   : Initializing Spring embedded WebApplicationContext
2018-04-26 15:09:57.145  INFO 7836 --- [localhost-startStop-1] o.s.web.context.ContextLoader            : Root WebApplicationContext: initialization completed in 1995 ms
2018-04-26 15:09:57.283  INFO 7836 --- [localhost-startStop-1] o.s.b.w.servlet.ServletRegistrationBean  : Servlet dispatcherServlet mapped to [/]
2018-04-26 15:09:57.287  INFO 7836 --- [localhost-startStop-1] o.s.b.w.servlet.FilterRegistrationBean   : Mapping filter: 'characterEncodingFilter' to: [/*]
2018-04-26 15:09:57.287  INFO 7836 --- [localhost-startStop-1] o.s.b.w.servlet.FilterRegistrationBean   : Mapping filter: 'hiddenHttpMethodFilter' to: [/*]
2018-04-26 15:09:57.287  INFO 7836 --- [localhost-startStop-1] o.s.b.w.servlet.FilterRegistrationBean   : Mapping filter: 'httpPutFormContentFilter' to: [/*]
2018-04-26 15:09:57.287  INFO 7836 --- [localhost-startStop-1] o.s.b.w.servlet.FilterRegistrationBean   : Mapping filter: 'requestContextFilter' to: [/*]
2018-04-26 15:09:57.957  INFO 7836 --- [restartedMain] o.s.w.s.handler.SimpleUrlHandlerMapping  : Mapped URL path [/**/favicon.ico] onto handler of type [class org.springframework.web.servlet.resource.ResourceHttpRequestHandler]
2018-04-26 15:09:58.191  INFO 7836 --- [restartedMain] s.w.s.m.m.a.RequestMappingHandlerAdapter : Looking for @ControllerAdvice: org.springframework.boot.web.servlet.context.AnnotationConfigServletWebServerApplicationContext@238e9429: startup date [Thu Apr 26 15:09:55 CST 2018]; root of context hierarchy
2018-04-26 15:09:58.275  INFO 7836 --- [restartedMain] s.w.s.m.m.a.RequestMappingHandlerMapping : Mapped "{[/user],methods=[GET]}" onto public com.john.springdemo.model.vo.ResponseVO<java.util.List<com.john.springdemo.model.vo.UserVO>> com.john.springdemo.controller.UserController.getUser()
2018-04-26 15:09:58.276  INFO 7836 --- [restartedMain] s.w.s.m.m.a.RequestMappingHandlerMapping : Mapped "{[/user/{id}],methods=[GET]}" onto public com.john.springdemo.model.vo.ResponseVO<com.john.springdemo.model.vo.UserVO> com.john.springdemo.controller.UserController.queryUser(java.lang.String)
2018-04-26 15:09:58.277  INFO 7836 --- [restartedMain] s.w.s.m.m.a.RequestMappingHandlerMapping : Mapped "{[/user/userInfo],methods=[PUT]}" onto public java.lang.String com.john.springdemo.controller.UserController.editUser(com.john.springdemo.model.vo.UserVO)
2018-04-26 15:09:58.277  INFO 7836 --- [restartedMain] s.w.s.m.m.a.RequestMappingHandlerMapping : Mapped "{[/user/{id}],methods=[DELETE]}" onto public java.lang.String com.john.springdemo.controller.UserController.deleteUser(java.lang.String)
2018-04-26 15:09:58.277  INFO 7836 --- [restartedMain] s.w.s.m.m.a.RequestMappingHandlerMapping : Mapped "{[/user/userInfo],methods=[POST]}" onto public com.john.springdemo.model.vo.ResponseVO com.john.springdemo.controller.UserController.addUser(com.john.springdemo.model.vo.UserVO)
2018-04-26 15:09:58.279  INFO 7836 --- [restartedMain] s.w.s.m.m.a.RequestMappingHandlerMapping : Mapped "{[/error]}" onto public org.springframework.http.ResponseEntity<java.util.Map<java.lang.String, java.lang.Object>> org.springframework.boot.autoconfigure.web.servlet.error.BasicErrorController.error(javax.servlet.http.HttpServletRequest)
2018-04-26 15:09:58.280  INFO 7836 --- [restartedMain] s.w.s.m.m.a.RequestMappingHandlerMapping : Mapped "{[/error],produces=[text/html]}" onto public org.springframework.web.servlet.ModelAndView org.springframework.boot.autoconfigure.web.servlet.error.BasicErrorController.errorHtml(javax.servlet.http.HttpServletRequest,javax.servlet.http.HttpServletResponse)
2018-04-26 15:09:58.312  INFO 7836 --- [restartedMain] o.s.w.s.handler.SimpleUrlHandlerMapping  : Mapped URL path [/webjars/**] onto handler of type [class org.springframework.web.servlet.resource.ResourceHttpRequestHandler]
2018-04-26 15:09:58.313  INFO 7836 --- [restartedMain] o.s.w.s.handler.SimpleUrlHandlerMapping  : Mapped URL path [/**] onto handler of type [class org.springframework.web.servlet.resource.ResourceHttpRequestHandler]
2018-04-26 15:09:58.664  INFO 7836 --- [restartedMain] o.s.b.d.a.OptionalLiveReloadServer       : LiveReload server is running on port 35729
2018-04-26 15:09:58.691  INFO 7836 --- [restartedMain] o.s.j.e.a.AnnotationMBeanExporter        : Registering beans for JMX exposure on startup
2018-04-26 15:09:58.693  INFO 7836 --- [restartedMain] o.s.j.e.a.AnnotationMBeanExporter        : Bean with name 'dataSource' has been autodetected for JMX exposure
2018-04-26 15:09:58.698  INFO 7836 --- [restartedMain] o.s.j.e.a.AnnotationMBeanExporter        : Located MBean 'dataSource': registering with JMX server as MBean [com.zaxxer.hikari:name=dataSource,type=HikariDataSource]
2018-04-26 15:09:58.737  INFO 7836 --- [restartedMain] o.s.b.w.embedded.tomcat.TomcatWebServer  : Tomcat started on port(s): 9999 (http) with context path '/v1.1'
2018-04-26 15:09:58.741  INFO 7836 --- [restartedMain] c.john.springdemo.SpringDemoApplication  : Started SpringDemoApplication in 4.467 seconds (JVM running for 5.144)
2018-04-26 15:10:11.519  INFO 7836 --- [http-nio-9999-exec-1] o.a.c.c.C.[Tomcat].[localhost].[/v1.1]   : Initializing Spring FrameworkServlet 'dispatcherServlet'
2018-04-26 15:10:11.519  INFO 7836 --- [http-nio-9999-exec-1] o.s.web.servlet.DispatcherServlet        : FrameworkServlet 'dispatcherServlet': initialization started
2018-04-26 15:10:11.541  INFO 7836 --- [http-nio-9999-exec-1] o.s.web.servlet.DispatcherServlet        : FrameworkServlet 'dispatcherServlet': initialization completed in 21 ms
2018-04-26 15:10:15.861  INFO 7836 --- [http-nio-9999-exec-1] com.zaxxer.hikari.HikariDataSource       : HikariPool-1 - Starting...
2018-04-26 15:10:16.429  INFO 7836 --- [http-nio-9999-exec-1] com.zaxxer.hikari.HikariDataSource       : HikariPool-1 - Start completed.
2018-04-26 15:10:16.534  INFO 7836 --- [http-nio-9999-exec-1] o.s.b.f.xml.XmlBeanDefinitionReader      : Loading XML bean definitions from class path resource [org/springframework/jdbc/support/sql-error-codes.xml]
2018-04-26 15:10:16.840  INFO 7836 --- [http-nio-9999-exec-1] o.s.jdbc.support.SQLErrorCodesFactory    : SQLErrorCodes loaded: [DB2, Derby, H2, HDB, HSQL, Informix, MS-SQL, MySQL, Oracle, PostgreSQL, Sybase]
2018-04-26 15:10:16.843 ERROR 7836 --- [http-nio-9999-exec-1] c.j.s.controller.UserController          : 
### Error querying database.  Cause: java.sql.SQLException: No database selected
### The error may exist in file [E:\My Document\IdeaProjects\SpringBootDemo\target\classes\mapper\UserMapper.xml]
### The error may involve com.john.springdemo.dao.UserMapper.selectByPrimaryKey-Inline
### The error occurred while setting parameters
### SQL: select            user_id, user_name, age, pwd, state, last_update, email         from user     where user_id = ?
### Cause: java.sql.SQLException: No database selected
; uncategorized SQLException; SQL state [3D000]; error code [1046]; No database selected; nested exception is java.sql.SQLException: No database selected
2018-04-26 15:14:36.583  INFO 5340 --- [restartedMain] c.john.springdemo.SpringDemoApplication  : Starting SpringDemoApplication on jiangwei-PC with PID 5340 (started by jiangwei in E:\My Document\IdeaProjects\SpringBootDemo)
2018-04-26 15:14:36.583  INFO 5340 --- [restartedMain] c.john.springdemo.SpringDemoApplication  : The following profiles are active: dev
2018-04-26 15:14:36.645  INFO 5340 --- [restartedMain] ConfigServletWebServerApplicationContext : Refreshing org.springframework.boot.web.servlet.context.AnnotationConfigServletWebServerApplicationContext@3aea624d: startup date [Thu Apr 26 15:14:36 CST 2018]; root of context hierarchy
2018-04-26 15:14:38.380  INFO 5340 --- [restartedMain] o.s.b.w.embedded.tomcat.TomcatWebServer  : Tomcat initialized with port(s): 9999 (http)
2018-04-26 15:14:38.417  INFO 5340 --- [restartedMain] o.apache.catalina.core.StandardService   : Starting service [Tomcat]
2018-04-26 15:14:38.417  INFO 5340 --- [restartedMain] org.apache.catalina.core.StandardEngine  : Starting Servlet Engine: Apache Tomcat/8.5.29
2018-04-26 15:14:38.426  INFO 5340 --- [localhost-startStop-1] o.a.catalina.core.AprLifecycleListener   : The APR based Apache Tomcat Native library which allows optimal performance in production environments was not found on the java.library.path: [D:\jdks\jdk1.8.0_121\bin;C:\Windows\Sun\Java\bin;C:\Windows\system32;C:\Windows;D:\jdks\apache-maven-3.5.3\bin;D:\jdks\jdk1.8.0_121\bin;D:\jdks\jdk1.8.0_121\jre\bin;d:\Oracle\product\11.2.0\client_1\bin;d:\Oracle\product\11.2.0\client_2\bin;d:\oracle\product\11.2.0\dbhome_1\bin;C:\Windows\system32;C:\Windows;C:\Windows\System32\Wbem;C:\Windows\System32\WindowsPowerShell\v1.0\;C:\Program Files (x86)\Windows Kits\8.1\Windows Performance Toolkit\;C:\Program Files\Microsoft SQL Server\110\Tools\Binn\;C:\Program Files (x86)\Microsoft SDKs\TypeScript\1.0\;C:\Program Files\Microsoft SQL Server\120\Tools\Binn\;D:\Program Files\TortoiseSVN\bin;D:\Program Files (x86)\VisualSVN\bin;D:\tools\python\Python36;D:\tools\python\Python36\Scripts\;C:\Program Files\dotnet\;D:\tools\python\swigwin-3.0.12;C:\Program Files (x86)\Microsoft SQL Server\80\Tools\Binn\;C:\Program Files\Microsoft SQL Server\90\DTS\Binn\;C:\Program Files\Microsoft SQL Server\90\Tools\binn\;C:\Program Files (x86)\Microsoft SQL Server\90\Tools\binn\;C:\Program Files (x86)\Microsoft SQL Server\90\DTS\Binn\;C:\Program Files (x86)\Microsoft SQL Server\90\Tools\Binn\VSShell\Common7\IDE\;D:\Program Files (x86)\Microsoft Visual Studio 8\Common7\IDE\PrivateAssemblies\;d:\Program Files (x86)\SSH Communications Security\SSH Secure Shell;C:\Users\jiangwei\AppData\Local\Programs\Fiddler;.]
2018-04-26 15:14:38.515  INFO 5340 --- [localhost-startStop-1] o.a.c.c.C.[Tomcat].[localhost].[/v1.1]   : Initializing Spring embedded WebApplicationContext
2018-04-26 15:14:38.516  INFO 5340 --- [localhost-startStop-1] o.s.web.context.ContextLoader            : Root WebApplicationContext: initialization completed in 1871 ms
2018-04-26 15:14:38.657  INFO 5340 --- [localhost-startStop-1] o.s.b.w.servlet.ServletRegistrationBean  : Servlet dispatcherServlet mapped to [/]
2018-04-26 15:14:38.663  INFO 5340 --- [localhost-startStop-1] o.s.b.w.servlet.FilterRegistrationBean   : Mapping filter: 'characterEncodingFilter' to: [/*]
2018-04-26 15:14:38.663  INFO 5340 --- [localhost-startStop-1] o.s.b.w.servlet.FilterRegistrationBean   : Mapping filter: 'hiddenHttpMethodFilter' to: [/*]
2018-04-26 15:14:38.664  INFO 5340 --- [localhost-startStop-1] o.s.b.w.servlet.FilterRegistrationBean   : Mapping filter: 'httpPutFormContentFilter' to: [/*]
2018-04-26 15:14:38.664  INFO 5340 --- [localhost-startStop-1] o.s.b.w.servlet.FilterRegistrationBean   : Mapping filter: 'requestContextFilter' to: [/*]
2018-04-26 15:14:39.177  INFO 5340 --- [restartedMain] o.s.w.s.handler.SimpleUrlHandlerMapping  : Mapped URL path [/**/favicon.ico] onto handler of type [class org.springframework.web.servlet.resource.ResourceHttpRequestHandler]
2018-04-26 15:14:39.419  INFO 5340 --- [restartedMain] s.w.s.m.m.a.RequestMappingHandlerAdapter : Looking for @ControllerAdvice: org.springframework.boot.web.servlet.context.AnnotationConfigServletWebServerApplicationContext@3aea624d: startup date [Thu Apr 26 15:14:36 CST 2018]; root of context hierarchy
2018-04-26 15:14:39.495  INFO 5340 --- [restartedMain] s.w.s.m.m.a.RequestMappingHandlerMapping : Mapped "{[/user/userInfo],methods=[POST]}" onto public com.john.springdemo.model.vo.ResponseVO com.john.springdemo.controller.UserController.addUser(com.john.springdemo.model.vo.UserVO)
2018-04-26 15:14:39.496  INFO 5340 --- [restartedMain] s.w.s.m.m.a.RequestMappingHandlerMapping : Mapped "{[/user],methods=[GET]}" onto public com.john.springdemo.model.vo.ResponseVO<java.util.List<com.john.springdemo.model.vo.UserVO>> com.john.springdemo.controller.UserController.getUser()
2018-04-26 15:14:39.497  INFO 5340 --- [restartedMain] s.w.s.m.m.a.RequestMappingHandlerMapping : Mapped "{[/user/{id}],methods=[GET]}" onto public com.john.springdemo.model.vo.ResponseVO<com.john.springdemo.model.vo.UserVO> com.john.springdemo.controller.UserController.queryUser(java.lang.String)
2018-04-26 15:14:39.497  INFO 5340 --- [restartedMain] s.w.s.m.m.a.RequestMappingHandlerMapping : Mapped "{[/user/userInfo],methods=[PUT]}" onto public java.lang.String com.john.springdemo.controller.UserController.editUser(com.john.springdemo.model.vo.UserVO)
2018-04-26 15:14:39.497  INFO 5340 --- [restartedMain] s.w.s.m.m.a.RequestMappingHandlerMapping : Mapped "{[/user/{id}],methods=[DELETE]}" onto public java.lang.String com.john.springdemo.controller.UserController.deleteUser(java.lang.String)
2018-04-26 15:14:39.500  INFO 5340 --- [restartedMain] s.w.s.m.m.a.RequestMappingHandlerMapping : Mapped "{[/error]}" onto public org.springframework.http.ResponseEntity<java.util.Map<java.lang.String, java.lang.Object>> org.springframework.boot.autoconfigure.web.servlet.error.BasicErrorController.error(javax.servlet.http.HttpServletRequest)
2018-04-26 15:14:39.501  INFO 5340 --- [restartedMain] s.w.s.m.m.a.RequestMappingHandlerMapping : Mapped "{[/error],produces=[text/html]}" onto public org.springframework.web.servlet.ModelAndView org.springframework.boot.autoconfigure.web.servlet.error.BasicErrorController.errorHtml(javax.servlet.http.HttpServletRequest,javax.servlet.http.HttpServletResponse)
2018-04-26 15:14:39.534  INFO 5340 --- [restartedMain] o.s.w.s.handler.SimpleUrlHandlerMapping  : Mapped URL path [/webjars/**] onto handler of type [class org.springframework.web.servlet.resource.ResourceHttpRequestHandler]
2018-04-26 15:14:39.534  INFO 5340 --- [restartedMain] o.s.w.s.handler.SimpleUrlHandlerMapping  : Mapped URL path [/**] onto handler of type [class org.springframework.web.servlet.resource.ResourceHttpRequestHandler]
2018-04-26 15:14:39.855  INFO 5340 --- [restartedMain] o.s.b.d.a.OptionalLiveReloadServer       : LiveReload server is running on port 35729
2018-04-26 15:14:39.899  INFO 5340 --- [restartedMain] o.s.j.e.a.AnnotationMBeanExporter        : Registering beans for JMX exposure on startup
2018-04-26 15:14:39.901  INFO 5340 --- [restartedMain] o.s.j.e.a.AnnotationMBeanExporter        : Bean with name 'dataSource' has been autodetected for JMX exposure
2018-04-26 15:14:39.908  INFO 5340 --- [restartedMain] o.s.j.e.a.AnnotationMBeanExporter        : Located MBean 'dataSource': registering with JMX server as MBean [com.zaxxer.hikari:name=dataSource,type=HikariDataSource]
2018-04-26 15:14:39.977  INFO 5340 --- [restartedMain] o.s.b.w.embedded.tomcat.TomcatWebServer  : Tomcat started on port(s): 9999 (http) with context path '/v1.1'
2018-04-26 15:14:39.981  INFO 5340 --- [restartedMain] c.john.springdemo.SpringDemoApplication  : Started SpringDemoApplication in 4.142 seconds (JVM running for 4.753)
2018-04-26 15:14:43.057  INFO 5340 --- [http-nio-9999-exec-1] o.a.c.c.C.[Tomcat].[localhost].[/v1.1]   : Initializing Spring FrameworkServlet 'dispatcherServlet'
2018-04-26 15:14:43.057  INFO 5340 --- [http-nio-9999-exec-1] o.s.web.servlet.DispatcherServlet        : FrameworkServlet 'dispatcherServlet': initialization started
2018-04-26 15:14:43.078  INFO 5340 --- [http-nio-9999-exec-1] o.s.web.servlet.DispatcherServlet        : FrameworkServlet 'dispatcherServlet': initialization completed in 21 ms
2018-04-26 15:14:48.414  INFO 5340 --- [http-nio-9999-exec-1] com.zaxxer.hikari.HikariDataSource       : HikariPool-1 - Starting...
2018-04-26 15:14:48.639  INFO 5340 --- [http-nio-9999-exec-1] com.zaxxer.hikari.HikariDataSource       : HikariPool-1 - Start completed.
2018-04-26 15:14:48.671  INFO 5340 --- [http-nio-9999-exec-1] o.s.b.f.xml.XmlBeanDefinitionReader      : Loading XML bean definitions from class path resource [org/springframework/jdbc/support/sql-error-codes.xml]
2018-04-26 15:14:48.706  INFO 5340 --- [http-nio-9999-exec-1] o.s.jdbc.support.SQLErrorCodesFactory    : SQLErrorCodes loaded: [DB2, Derby, H2, HDB, HSQL, Informix, MS-SQL, MySQL, Oracle, PostgreSQL, Sybase]
2018-04-26 15:14:48.710 ERROR 5340 --- [http-nio-9999-exec-1] c.j.s.controller.UserController          : 
### Error querying database.  Cause: java.sql.SQLException: No database selected
### The error may exist in file [E:\My Document\IdeaProjects\SpringBootDemo\target\classes\mapper\UserMapper.xml]
### The error may involve com.john.springdemo.dao.UserMapper.selectByPrimaryKey-Inline
### The error occurred while setting parameters
### SQL: select            user_id, user_name, age, pwd, state, last_update, email         from user     where user_id = ?
### Cause: java.sql.SQLException: No database selected
; uncategorized SQLException; SQL state [3D000]; error code [1046]; No database selected; nested exception is java.sql.SQLException: No database selected
2018-04-26 15:17:34.900  INFO 9020 --- [restartedMain] c.john.springdemo.SpringDemoApplication  : Starting SpringDemoApplication on jiangwei-PC with PID 9020 (started by jiangwei in E:\My Document\IdeaProjects\SpringBootDemo)
2018-04-26 15:17:34.901  INFO 9020 --- [restartedMain] c.john.springdemo.SpringDemoApplication  : The following profiles are active: dev
2018-04-26 15:17:34.954  INFO 9020 --- [restartedMain] ConfigServletWebServerApplicationContext : Refreshing org.springframework.boot.web.servlet.context.AnnotationConfigServletWebServerApplicationContext@6ae0876c: startup date [Thu Apr 26 15:17:34 CST 2018]; root of context hierarchy
2018-04-26 15:17:36.528  INFO 9020 --- [restartedMain] o.s.b.w.embedded.tomcat.TomcatWebServer  : Tomcat initialized with port(s): 9999 (http)
2018-04-26 15:17:36.562  INFO 9020 --- [restartedMain] o.apache.catalina.core.StandardService   : Starting service [Tomcat]
2018-04-26 15:17:36.562  INFO 9020 --- [restartedMain] org.apache.catalina.core.StandardEngine  : Starting Servlet Engine: Apache Tomcat/8.5.29
2018-04-26 15:17:36.573  INFO 9020 --- [localhost-startStop-1] o.a.catalina.core.AprLifecycleListener   : The APR based Apache Tomcat Native library which allows optimal performance in production environments was not found on the java.library.path: [D:\jdks\jdk1.8.0_121\bin;C:\Windows\Sun\Java\bin;C:\Windows\system32;C:\Windows;D:\jdks\apache-maven-3.5.3\bin;D:\jdks\jdk1.8.0_121\bin;D:\jdks\jdk1.8.0_121\jre\bin;d:\Oracle\product\11.2.0\client_1\bin;d:\Oracle\product\11.2.0\client_2\bin;d:\oracle\product\11.2.0\dbhome_1\bin;C:\Windows\system32;C:\Windows;C:\Windows\System32\Wbem;C:\Windows\System32\WindowsPowerShell\v1.0\;C:\Program Files (x86)\Windows Kits\8.1\Windows Performance Toolkit\;C:\Program Files\Microsoft SQL Server\110\Tools\Binn\;C:\Program Files (x86)\Microsoft SDKs\TypeScript\1.0\;C:\Program Files\Microsoft SQL Server\120\Tools\Binn\;D:\Program Files\TortoiseSVN\bin;D:\Program Files (x86)\VisualSVN\bin;D:\tools\python\Python36;D:\tools\python\Python36\Scripts\;C:\Program Files\dotnet\;D:\tools\python\swigwin-3.0.12;C:\Program Files (x86)\Microsoft SQL Server\80\Tools\Binn\;C:\Program Files\Microsoft SQL Server\90\DTS\Binn\;C:\Program Files\Microsoft SQL Server\90\Tools\binn\;C:\Program Files (x86)\Microsoft SQL Server\90\Tools\binn\;C:\Program Files (x86)\Microsoft SQL Server\90\DTS\Binn\;C:\Program Files (x86)\Microsoft SQL Server\90\Tools\Binn\VSShell\Common7\IDE\;D:\Program Files (x86)\Microsoft Visual Studio 8\Common7\IDE\PrivateAssemblies\;d:\Program Files (x86)\SSH Communications Security\SSH Secure Shell;C:\Users\jiangwei\AppData\Local\Programs\Fiddler;.]
2018-04-26 15:17:36.663  INFO 9020 --- [localhost-startStop-1] o.a.c.c.C.[Tomcat].[localhost].[/v1.1]   : Initializing Spring embedded WebApplicationContext
2018-04-26 15:17:36.664  INFO 9020 --- [localhost-startStop-1] o.s.web.context.ContextLoader            : Root WebApplicationContext: initialization completed in 1710 ms
2018-04-26 15:17:36.808  INFO 9020 --- [localhost-startStop-1] o.s.b.w.servlet.ServletRegistrationBean  : Servlet dispatcherServlet mapped to [/]
2018-04-26 15:17:36.812  INFO 9020 --- [localhost-startStop-1] o.s.b.w.servlet.FilterRegistrationBean   : Mapping filter: 'characterEncodingFilter' to: [/*]
2018-04-26 15:17:36.813  INFO 9020 --- [localhost-startStop-1] o.s.b.w.servlet.FilterRegistrationBean   : Mapping filter: 'hiddenHttpMethodFilter' to: [/*]
2018-04-26 15:17:36.813  INFO 9020 --- [localhost-startStop-1] o.s.b.w.servlet.FilterRegistrationBean   : Mapping filter: 'httpPutFormContentFilter' to: [/*]
2018-04-26 15:17:36.813  INFO 9020 --- [localhost-startStop-1] o.s.b.w.servlet.FilterRegistrationBean   : Mapping filter: 'requestContextFilter' to: [/*]
2018-04-26 15:17:37.299  INFO 9020 --- [restartedMain] o.s.w.s.handler.SimpleUrlHandlerMapping  : Mapped URL path [/**/favicon.ico] onto handler of type [class org.springframework.web.servlet.resource.ResourceHttpRequestHandler]
2018-04-26 15:17:37.509  INFO 9020 --- [restartedMain] s.w.s.m.m.a.RequestMappingHandlerAdapter : Looking for @ControllerAdvice: org.springframework.boot.web.servlet.context.AnnotationConfigServletWebServerApplicationContext@6ae0876c: startup date [Thu Apr 26 15:17:34 CST 2018]; root of context hierarchy
2018-04-26 15:17:37.607  INFO 9020 --- [restartedMain] s.w.s.m.m.a.RequestMappingHandlerMapping : Mapped "{[/user/userInfo],methods=[POST]}" onto public com.john.springdemo.model.vo.ResponseVO com.john.springdemo.controller.UserController.addUser(com.john.springdemo.model.vo.UserVO)
2018-04-26 15:17:37.608  INFO 9020 --- [restartedMain] s.w.s.m.m.a.RequestMappingHandlerMapping : Mapped "{[/user],methods=[GET]}" onto public com.john.springdemo.model.vo.ResponseVO<java.util.List<com.john.springdemo.model.vo.UserVO>> com.john.springdemo.controller.UserController.getUser()
2018-04-26 15:17:37.608  INFO 9020 --- [restartedMain] s.w.s.m.m.a.RequestMappingHandlerMapping : Mapped "{[/user/{id}],methods=[GET]}" onto public com.john.springdemo.model.vo.ResponseVO<com.john.springdemo.model.vo.UserVO> com.john.springdemo.controller.UserController.queryUser(java.lang.String)
2018-04-26 15:17:37.609  INFO 9020 --- [restartedMain] s.w.s.m.m.a.RequestMappingHandlerMapping : Mapped "{[/user/userInfo],methods=[PUT]}" onto public java.lang.String com.john.springdemo.controller.UserController.editUser(com.john.springdemo.model.vo.UserVO)
2018-04-26 15:17:37.609  INFO 9020 --- [restartedMain] s.w.s.m.m.a.RequestMappingHandlerMapping : Mapped "{[/user/{id}],methods=[DELETE]}" onto public java.lang.String com.john.springdemo.controller.UserController.deleteUser(java.lang.String)
2018-04-26 15:17:37.611  INFO 9020 --- [restartedMain] s.w.s.m.m.a.RequestMappingHandlerMapping : Mapped "{[/error]}" onto public org.springframework.http.ResponseEntity<java.util.Map<java.lang.String, java.lang.Object>> org.springframework.boot.autoconfigure.web.servlet.error.BasicErrorController.error(javax.servlet.http.HttpServletRequest)
2018-04-26 15:17:37.612  INFO 9020 --- [restartedMain] s.w.s.m.m.a.RequestMappingHandlerMapping : Mapped "{[/error],produces=[text/html]}" onto public org.springframework.web.servlet.ModelAndView org.springframework.boot.autoconfigure.web.servlet.error.BasicErrorController.errorHtml(javax.servlet.http.HttpServletRequest,javax.servlet.http.HttpServletResponse)
2018-04-26 15:17:37.645  INFO 9020 --- [restartedMain] o.s.w.s.handler.SimpleUrlHandlerMapping  : Mapped URL path [/webjars/**] onto handler of type [class org.springframework.web.servlet.resource.ResourceHttpRequestHandler]
2018-04-26 15:17:37.645  INFO 9020 --- [restartedMain] o.s.w.s.handler.SimpleUrlHandlerMapping  : Mapped URL path [/**] onto handler of type [class org.springframework.web.servlet.resource.ResourceHttpRequestHandler]
2018-04-26 15:17:37.954  INFO 9020 --- [restartedMain] o.s.b.d.a.OptionalLiveReloadServer       : LiveReload server is running on port 35729
2018-04-26 15:17:37.986  INFO 9020 --- [restartedMain] o.s.j.e.a.AnnotationMBeanExporter        : Registering beans for JMX exposure on startup
2018-04-26 15:17:37.986  INFO 9020 --- [restartedMain] o.s.j.e.a.AnnotationMBeanExporter        : Bean with name 'dataSource' has been autodetected for JMX exposure
2018-04-26 15:17:37.986  INFO 9020 --- [restartedMain] o.s.j.e.a.AnnotationMBeanExporter        : Located MBean 'dataSource': registering with JMX server as MBean [com.zaxxer.hikari:name=dataSource,type=HikariDataSource]
2018-04-26 15:17:38.028  INFO 9020 --- [restartedMain] o.s.b.w.embedded.tomcat.TomcatWebServer  : Tomcat started on port(s): 9999 (http) with context path '/v1.1'
2018-04-26 15:17:38.043  INFO 9020 --- [restartedMain] c.john.springdemo.SpringDemoApplication  : Started SpringDemoApplication in 4.293 seconds (JVM running for 4.9)
2018-04-26 15:17:41.541  INFO 9020 --- [http-nio-9999-exec-1] o.a.c.c.C.[Tomcat].[localhost].[/v1.1]   : Initializing Spring FrameworkServlet 'dispatcherServlet'
2018-04-26 15:17:41.541  INFO 9020 --- [http-nio-9999-exec-1] o.s.web.servlet.DispatcherServlet        : FrameworkServlet 'dispatcherServlet': initialization started
2018-04-26 15:17:41.565  INFO 9020 --- [http-nio-9999-exec-1] o.s.web.servlet.DispatcherServlet        : FrameworkServlet 'dispatcherServlet': initialization completed in 23 ms
2018-04-26 15:17:43.968  INFO 9020 --- [http-nio-9999-exec-1] com.zaxxer.hikari.HikariDataSource       : HikariPool-1 - Starting...
2018-04-26 15:17:44.175  INFO 9020 --- [http-nio-9999-exec-1] com.zaxxer.hikari.HikariDataSource       : HikariPool-1 - Start completed.
2018-04-26 15:17:46.475 ERROR 9020 --- [http-nio-9999-exec-1] c.j.s.controller.UserController          : userId
2018-04-26 15:20:24.600 ERROR 9020 --- [http-nio-9999-exec-4] c.j.s.controller.UserController          : userId
2018-04-26 15:22:22.098  WARN 9020 --- [HikariPool-1 housekeeper] com.zaxxer.hikari.pool.HikariPool        : HikariPool-1 - Thread starvation or clock leap detected (housekeeper delta=1m2s48ms119µs773ns).
2018-04-26 15:22:22.098 ERROR 9020 --- [http-nio-9999-exec-5] c.j.s.controller.UserController          : userId
2018-04-26 15:23:11.011  WARN 9020 --- [HikariPool-1 housekeeper] com.zaxxer.hikari.pool.HikariPool        : HikariPool-1 - Thread starvation or clock leap detected (housekeeper delta=48s906ms676µs296ns).
2018-04-26 15:23:14.728 ERROR 9020 --- [http-nio-9999-exec-3] c.j.s.controller.UserController          : userId
2018-04-26 15:24:31.717 ERROR 9020 --- [http-nio-9999-exec-6] c.j.s.controller.UserController          : userId
2018-04-26 15:24:31.722  WARN 9020 --- [HikariPool-1 housekeeper] com.zaxxer.hikari.pool.HikariPool        : HikariPool-1 - Thread starvation or clock leap detected (housekeeper delta=1m20s708ms902µs299ns).
2018-04-26 15:26:17.944  INFO 8544 --- [restartedMain] c.john.springdemo.SpringDemoApplication  : Starting SpringDemoApplication on jiangwei-PC with PID 8544 (started by jiangwei in E:\My Document\IdeaProjects\SpringBootDemo)
2018-04-26 15:26:17.945  INFO 8544 --- [restartedMain] c.john.springdemo.SpringDemoApplication  : The following profiles are active: dev
2018-04-26 15:26:18.033  INFO 8544 --- [restartedMain] ConfigServletWebServerApplicationContext : Refreshing org.springframework.boot.web.servlet.context.AnnotationConfigServletWebServerApplicationContext@4ffb6833: startup date [Thu Apr 26 15:26:18 CST 2018]; root of context hierarchy
2018-04-26 15:26:19.692  INFO 8544 --- [restartedMain] o.s.b.w.embedded.tomcat.TomcatWebServer  : Tomcat initialized with port(s): 9999 (http)
2018-04-26 15:26:19.724  INFO 8544 --- [restartedMain] o.apache.catalina.core.StandardService   : Starting service [Tomcat]
2018-04-26 15:26:19.724  INFO 8544 --- [restartedMain] org.apache.catalina.core.StandardEngine  : Starting Servlet Engine: Apache Tomcat/8.5.29
2018-04-26 15:26:19.737  INFO 8544 --- [localhost-startStop-1] o.a.catalina.core.AprLifecycleListener   : The APR based Apache Tomcat Native library which allows optimal performance in production environments was not found on the java.library.path: [D:\jdks\jdk1.8.0_121\bin;C:\Windows\Sun\Java\bin;C:\Windows\system32;C:\Windows;D:\jdks\apache-maven-3.5.3\bin;D:\jdks\jdk1.8.0_121\bin;D:\jdks\jdk1.8.0_121\jre\bin;d:\Oracle\product\11.2.0\client_1\bin;d:\Oracle\product\11.2.0\client_2\bin;d:\oracle\product\11.2.0\dbhome_1\bin;C:\Windows\system32;C:\Windows;C:\Windows\System32\Wbem;C:\Windows\System32\WindowsPowerShell\v1.0\;C:\Program Files (x86)\Windows Kits\8.1\Windows Performance Toolkit\;C:\Program Files\Microsoft SQL Server\110\Tools\Binn\;C:\Program Files (x86)\Microsoft SDKs\TypeScript\1.0\;C:\Program Files\Microsoft SQL Server\120\Tools\Binn\;D:\Program Files\TortoiseSVN\bin;D:\Program Files (x86)\VisualSVN\bin;D:\tools\python\Python36;D:\tools\python\Python36\Scripts\;C:\Program Files\dotnet\;D:\tools\python\swigwin-3.0.12;C:\Program Files (x86)\Microsoft SQL Server\80\Tools\Binn\;C:\Program Files\Microsoft SQL Server\90\DTS\Binn\;C:\Program Files\Microsoft SQL Server\90\Tools\binn\;C:\Program Files (x86)\Microsoft SQL Server\90\Tools\binn\;C:\Program Files (x86)\Microsoft SQL Server\90\DTS\Binn\;C:\Program Files (x86)\Microsoft SQL Server\90\Tools\Binn\VSShell\Common7\IDE\;D:\Program Files (x86)\Microsoft Visual Studio 8\Common7\IDE\PrivateAssemblies\;d:\Program Files (x86)\SSH Communications Security\SSH Secure Shell;C:\Users\jiangwei\AppData\Local\Programs\Fiddler;.]
2018-04-26 15:26:19.840  INFO 8544 --- [localhost-startStop-1] o.a.c.c.C.[Tomcat].[localhost].[/v1.1]   : Initializing Spring embedded WebApplicationContext
2018-04-26 15:26:19.841  INFO 8544 --- [localhost-startStop-1] o.s.web.context.ContextLoader            : Root WebApplicationContext: initialization completed in 1808 ms
2018-04-26 15:26:19.979  INFO 8544 --- [localhost-startStop-1] o.s.b.w.servlet.ServletRegistrationBean  : Servlet dispatcherServlet mapped to [/]
2018-04-26 15:26:19.983  INFO 8544 --- [localhost-startStop-1] o.s.b.w.servlet.FilterRegistrationBean   : Mapping filter: 'characterEncodingFilter' to: [/*]
2018-04-26 15:26:19.983  INFO 8544 --- [localhost-startStop-1] o.s.b.w.servlet.FilterRegistrationBean   : Mapping filter: 'hiddenHttpMethodFilter' to: [/*]
2018-04-26 15:26:19.984  INFO 8544 --- [localhost-startStop-1] o.s.b.w.servlet.FilterRegistrationBean   : Mapping filter: 'httpPutFormContentFilter' to: [/*]
2018-04-26 15:26:19.984  INFO 8544 --- [localhost-startStop-1] o.s.b.w.servlet.FilterRegistrationBean   : Mapping filter: 'requestContextFilter' to: [/*]
2018-04-26 15:26:20.464  INFO 8544 --- [restartedMain] o.s.w.s.handler.SimpleUrlHandlerMapping  : Mapped URL path [/**/favicon.ico] onto handler of type [class org.springframework.web.servlet.resource.ResourceHttpRequestHandler]
2018-04-26 15:26:20.673  INFO 8544 --- [restartedMain] s.w.s.m.m.a.RequestMappingHandlerAdapter : Looking for @ControllerAdvice: org.springframework.boot.web.servlet.context.AnnotationConfigServletWebServerApplicationContext@4ffb6833: startup date [Thu Apr 26 15:26:18 CST 2018]; root of context hierarchy
2018-04-26 15:26:20.742  INFO 8544 --- [restartedMain] s.w.s.m.m.a.RequestMappingHandlerMapping : Mapped "{[/user/userInfo],methods=[POST]}" onto public com.john.springdemo.model.vo.ResponseVO com.john.springdemo.controller.UserController.addUser(com.john.springdemo.model.vo.UserVO)
2018-04-26 15:26:20.742  INFO 8544 --- [restartedMain] s.w.s.m.m.a.RequestMappingHandlerMapping : Mapped "{[/user],methods=[GET]}" onto public com.john.springdemo.model.vo.ResponseVO<java.util.List<com.john.springdemo.model.vo.UserVO>> com.john.springdemo.controller.UserController.getUser()
2018-04-26 15:26:20.758  INFO 8544 --- [restartedMain] s.w.s.m.m.a.RequestMappingHandlerMapping : Mapped "{[/user/{id}],methods=[GET]}" onto public com.john.springdemo.model.vo.ResponseVO<com.john.springdemo.model.vo.UserVO> com.john.springdemo.controller.UserController.queryUser(java.lang.String)
2018-04-26 15:26:20.758  INFO 8544 --- [restartedMain] s.w.s.m.m.a.RequestMappingHandlerMapping : Mapped "{[/user/userInfo],methods=[PUT]}" onto public java.lang.String com.john.springdemo.controller.UserController.editUser(com.john.springdemo.model.vo.UserVO)
2018-04-26 15:26:20.758  INFO 8544 --- [restartedMain] s.w.s.m.m.a.RequestMappingHandlerMapping : Mapped "{[/user/{id}],methods=[DELETE]}" onto public java.lang.String com.john.springdemo.controller.UserController.deleteUser(java.lang.String)
2018-04-26 15:26:20.758  INFO 8544 --- [restartedMain] s.w.s.m.m.a.RequestMappingHandlerMapping : Mapped "{[/error]}" onto public org.springframework.http.ResponseEntity<java.util.Map<java.lang.String, java.lang.Object>> org.springframework.boot.autoconfigure.web.servlet.error.BasicErrorController.error(javax.servlet.http.HttpServletRequest)
2018-04-26 15:26:20.758  INFO 8544 --- [restartedMain] s.w.s.m.m.a.RequestMappingHandlerMapping : Mapped "{[/error],produces=[text/html]}" onto public org.springframework.web.servlet.ModelAndView org.springframework.boot.autoconfigure.web.servlet.error.BasicErrorController.errorHtml(javax.servlet.http.HttpServletRequest,javax.servlet.http.HttpServletResponse)
2018-04-26 15:26:20.789  INFO 8544 --- [restartedMain] o.s.w.s.handler.SimpleUrlHandlerMapping  : Mapped URL path [/webjars/**] onto handler of type [class org.springframework.web.servlet.resource.ResourceHttpRequestHandler]
2018-04-26 15:26:20.789  INFO 8544 --- [restartedMain] o.s.w.s.handler.SimpleUrlHandlerMapping  : Mapped URL path [/**] onto handler of type [class org.springframework.web.servlet.resource.ResourceHttpRequestHandler]
2018-04-26 15:26:21.126  INFO 8544 --- [restartedMain] o.s.b.d.a.OptionalLiveReloadServer       : LiveReload server is running on port 35729
2018-04-26 15:26:21.171  INFO 8544 --- [restartedMain] o.s.j.e.a.AnnotationMBeanExporter        : Registering beans for JMX exposure on startup
2018-04-26 15:26:21.173  INFO 8544 --- [restartedMain] o.s.j.e.a.AnnotationMBeanExporter        : Bean with name 'dataSource' has been autodetected for JMX exposure
2018-04-26 15:26:21.178  INFO 8544 --- [restartedMain] o.s.j.e.a.AnnotationMBeanExporter        : Located MBean 'dataSource': registering with JMX server as MBean [com.zaxxer.hikari:name=dataSource,type=HikariDataSource]
2018-04-26 15:26:21.220  INFO 8544 --- [restartedMain] o.s.b.w.embedded.tomcat.TomcatWebServer  : Tomcat started on port(s): 9999 (http) with context path '/v1.1'
2018-04-26 15:26:21.225  INFO 8544 --- [restartedMain] c.john.springdemo.SpringDemoApplication  : Started SpringDemoApplication in 3.982 seconds (JVM running for 4.65)
2018-04-26 15:26:26.788  INFO 8544 --- [http-nio-9999-exec-2] o.a.c.c.C.[Tomcat].[localhost].[/v1.1]   : Initializing Spring FrameworkServlet 'dispatcherServlet'
2018-04-26 15:26:26.788  INFO 8544 --- [http-nio-9999-exec-2] o.s.web.servlet.DispatcherServlet        : FrameworkServlet 'dispatcherServlet': initialization started
2018-04-26 15:26:26.807  INFO 8544 --- [http-nio-9999-exec-2] o.s.web.servlet.DispatcherServlet        : FrameworkServlet 'dispatcherServlet': initialization completed in 18 ms
2018-04-26 15:26:26.864  INFO 8544 --- [http-nio-9999-exec-2] com.zaxxer.hikari.HikariDataSource       : HikariPool-1 - Starting...
2018-04-26 15:26:27.117  INFO 8544 --- [http-nio-9999-exec-2] com.zaxxer.hikari.HikariDataSource       : HikariPool-1 - Start completed.
